<?xml version="1.0" encoding="UTF-8"?>
<!-- Generated by org.testng.reporters.JUnitXMLReporter -->
<testsuite ignored="0" hostname="LTIN520940" failures="0" tests="10" name="Test" time="68.171" errors="0" timestamp="2024-05-06T18:12:00 IST">
  <testcase classname="testCases.TestCase" name="goToUpcomingBikes" time="5.138"/>
  <testcase classname="testCases.TestCase" name="selectHonda" time="5.134"/>
  <testcase classname="testCases.TestCase" name="showBikes" time="4.256"/>
  <testcase classname="testCases.TestCase" name="fetchBikeDetails" time="7.539"/>
  <testcase classname="testCases.TestCase" name="moveToUsedCars" time="11.567"/>
  <testcase classname="testCases.TestCase" name="findTopCars" time="3.337"/>
  <testcase classname="testCases.TestCase" name="fetchTopCars" time="0.269"/>
  <testcase classname="testCases.TestCase" name="backToHomePage" time="2.805"/>
  <testcase classname="testCases.TestCase" name="logIn" time="5.324"/>
  <testcase classname="testCases.TestCase" name="invalidLogIn" time="12.016"/>
</testsuite> <!-- Test -->
