<?xml version="1.0" encoding="UTF-8"?>
<!-- Generated by org.testng.reporters.JUnitXMLReporter -->
<testsuite ignored="0" hostname="LTIN520940" failures="0" tests="10" name="Test" time="110.227" errors="0" timestamp="2024-05-06T20:03:08 IST">
  <testcase classname="testCases.TestCase" name="goToUpcomingBikes" time="5.168"/>
  <testcase classname="testCases.TestCase" name="selectHonda" time="5.102"/>
  <testcase classname="testCases.TestCase" name="showBikes" time="4.296"/>
  <testcase classname="testCases.TestCase" name="fetchBikeDetails" time="7.865"/>
  <testcase classname="testCases.TestCase" name="moveToUsedCars" time="11.857"/>
  <testcase classname="testCases.TestCase" name="findTopCars" time="3.261"/>
  <testcase classname="testCases.TestCase" name="fetchTopCars" time="0.314"/>
  <testcase classname="testCases.TestCase" name="backToHomePage" time="2.956"/>
  <testcase classname="testCases.TestCase" name="logIn" time="6.012"/>
  <testcase classname="testCases.TestCase" name="invalidLogIn" time="11.636"/>
</testsuite> <!-- Test -->
